Build started 2012/2/16 23:36:57.
     1>Project "D:\LOGO\Logo1223\LogoRec\LogoUnit\buildCppUnit\buildCppUnit\buildCppUnit.vcxproj" on node 2 (build target(s)).
     1>C:\Program Files\MSBuild\Microsoft.Cpp\v4.0\Microsoft.CppBuild.targets(299,5): warning MSB8004: Output Directory does not end with a trailing slash.  This build instance will add the slash as it is required to allow proper evaluation of the Output Directory.
     1>InitializeBuildStatus:
         Creating "Debug\buildCppUnit.unsuccessfulbuild" because "AlwaysCreate" was specified.
       ClCompile:
         All outputs are up-to-date.
       ManifestResourceCompile:
         All outputs are up-to-date.
       Link:
         c:\Program Files\Microsoft Visual Studio 10.0\VC\bin\link.exe /ERRORREPORT:PROMPT /OUT:"..\..\lib\buildCppUnit.dll" /INCREMENTAL /NOLOGO kernel32.lib user32.lib gdi32.lib winspool.lib comdlg32.lib advapi32.lib shell32.lib ole32.lib oleaut32.lib uuid.lib odbc32.lib odbccp32.lib /MANIFEST /ManifestFile:"Debug\buildCppUnit.dll.intermediate.manifest" /MANIFESTUAC:"level='asInvoker' uiAccess='false'" /DEBUG /PDB:"D:\LOGO\Logo1223\LogoRec\LogoUnit\lib\buildCppUnit.pdb" /SUBSYSTEM:WINDOWS /TLBID:1 /DYNAMICBASE /NXCOMPAT /IMPLIB:"..\..\lib\buildCppUnit.lib" /MACHINE:X86 /DLL Debug\buildCppUnit.dll.embed.manifest.res
         Debug\CppUnitException.obj
         Debug\TestCase.obj
         Debug\TestDecorator.obj
         Debug\TestFailure.obj
         Debug\TestResult.obj
         Debug\TestRunner.obj
         Debug\TestSuite.obj
         Debug\TextTestResult.obj
            Creating library ..\..\lib\buildCppUnit.lib and object ..\..\lib\buildCppUnit.exp
       Manifest:
         C:\Program Files\Microsoft SDKs\Windows\v7.0A\bin\mt.exe /nologo /verbose /out:"Debug\buildCppUnit.dll.embed.manifest" /manifest Debug\buildCppUnit.dll.intermediate.manifest
         All outputs are up-to-date.
       LinkEmbedManifest:
         All outputs are up-to-date.
         buildCppUnit.vcxproj -> D:\LOGO\Logo1223\LogoRec\LogoUnit\buildCppUnit\buildCppUnit\..\..\lib\buildCppUnit.dll
       FinalizeBuildStatus:
         Deleting file "Debug\buildCppUnit.unsuccessfulbuild".
         Touching "Debug\buildCppUnit.lastbuildstate".
     1>Done Building Project "D:\LOGO\Logo1223\LogoRec\LogoUnit\buildCppUnit\buildCppUnit\buildCppUnit.vcxproj" (build target(s)).

Build succeeded.

Time Elapsed 00:00:01.87
